<?xml version="1.0" encoding="UTF-8"?>
<testsuites name="Mocha Tests" time="10.489" tests="2" failures="1">
  <testsuite name="Root Suite" timestamp="2025-11-19T09:16:52" tests="0" file="cypress\e2e\login.cy.js" time="0.000" failures="0">
  </testsuite>
  <testsuite name="fonctionnalité d&apos;authentification" timestamp="2025-11-19T09:16:52" tests="2" time="10.483" failures="1">
    <testcase name="fonctionnalité d&apos;authentification login with valid credentials" time="0.000" classname="login with valid credentials">
      <failure message="Timed out retrying after 4000ms: Expected to find element: `span.title`, but never found it." type="AssertionError"><![CDATA[AssertionError: Timed out retrying after 4000ms: Expected to find element: `span.title`, but never found it.
    at Context.eval (webpack:///./cypress/e2e/login.cy.js:14:29)]]></failure>
    </testcase>
    <testcase name="fonctionnalité d&apos;authentification login with invalid credentials" time="1.119" classname="login with invalid credentials">
    </testcase>
  </testsuite>
</testsuites>